{"uuid":"22cbff5d-4950-4604-9a23-8b002e3f48b6","historyId":"2884e13aa58f956a5d94e35ff208db69","fullName":"testCases.TestSendMoneyPage.testSendMoneyOkButton","labels":[{"name":"package","value":"testCases.TestSendMoneyPage"},{"name":"testClass","value":"testCases.TestSendMoneyPage"},{"name":"testMethod","value":"testSendMoneyOkButton"},{"name":"parentSuite","value":"Android Automation Suite"},{"name":"suite","value":"Flutter Customer App Automation"},{"name":"subSuite","value":"testCases.TestSendMoneyPage"},{"name":"host","value":"DESKTOP-1CKN538"},{"name":"thread","value":"20076@DESKTOP-1CKN538.main(1)"}],"links":[],"name":"testSendMoneyOkButton","status":"broken","statusDetails":{"known":false,"muted":false,"flaky":false,"message":"org.openqa.selenium.WebDriverException: Returned value cannot be converted to WebElement: {error=invalid session id, message=A session is either terminated or not started, stacktrace=NoSuchDriverError: A session is either terminated or not started\n    at asyncHandler$ (C:\\Program Files (x86)\\Appium\\resources\\app\\node_modules\\appium-base-driver\\lib\\protocol\\protocol.js:212:15)\n    at tryCatch (C:\\Program Files (x86)\\Appium\\resources\\app\\node_modules\\appium-base-driver\\node_modules\\babel-runtime\\regenerator\\runtime.js:67:40)\n    at GeneratorFunctionPrototype.invoke [as _invoke] (C:\\Program Files (x86)\\Appium\\resources\\app\\node_modules\\appium-base-driver\\node_modules\\babel-runtime\\regenerator\\runtime.js:315:22)\n    at GeneratorFunctionPrototype.prototype.(anonymous function) [as next] (C:\\Program Files (x86)\\Appium\\resources\\app\\node_modules\\appium-base-driver\\node_modules\\babel-runtime\\regenerator\\runtime.js:100:21)\n    at invoke (C:\\Program Files (x86)\\Appium\\resources\\app\\node_modules\\appium-base-driver\\node_modules\\babel-runtime\\regenerator\\runtime.js:136:37)\n    at enqueueResult (C:\\Program Files (x86)\\Appium\\resources\\app\\node_modules\\appium-base-driver\\node_modules\\babel-runtime\\regenerator\\runtime.js:185:17)\n    at new Promise (<anonymous>)\n    at new F (C:\\Program Files (x86)\\Appium\\resources\\app\\node_modules\\appium-base-driver\\node_modules\\core-js\\library\\modules\\$.export.js:30:36)\n    at AsyncIterator.enqueue (C:\\Program Files (x86)\\Appium\\resources\\app\\node_modules\\appium-base-driver\\node_modules\\babel-runtime\\regenerator\\runtime.js:184:12)\n    at AsyncIterator.prototype.(anonymous function) [as next] (C:\\Program Files (x86)\\Appium\\resources\\app\\node_modules\\appium-base-driver\\node_modules\\babel-runtime\\regenerator\\runtime.js:100:21)\n    at Object.runtime.async (C:\\Program Files (x86)\\Appium\\resources\\app\\node_modules\\appium-base-driver\\node_modules\\babel-runtime\\regenerator\\runtime.js:209:12)\n    at asyncHandler (C:\\Program Files (x86)\\Appium\\resources\\app\\node_modules\\appium-base-driver\\build\\lib\\protocol\\protocol.js:331:32)\n    at C:\\Program Files (x86)\\Appium\\resources\\app\\node_modules\\appium-base-driver\\lib\\protocol\\protocol.js:394:15\n    at Layer.handle [as handle_request] (C:\\Program Files (x86)\\Appium\\resources\\app\\node_modules\\express\\lib\\router\\layer.js:95:5)\n    at next (C:\\Program Files (x86)\\Appium\\resources\\app\\node_modules\\express\\lib\\router\\route.js:137:13)\n    at Route.dispatch (C:\\Program Files (x86)\\Appium\\resources\\app\\node_modules\\express\\lib\\router\\route.js:112:3)\n    at Layer.handle [as handle_request] (C:\\Program Files (x86)\\Appium\\resources\\app\\node_modules\\express\\lib\\router\\layer.js:95:5)\n    at C:\\Program Files (x86)\\Appium\\resources\\app\\node_modules\\express\\lib\\router\\index.js:281:22\n    at param (C:\\Program Files (x86)\\Appium\\resources\\app\\node_modules\\express\\lib\\router\\index.js:354:14)\n    at param (C:\\Program Files (x86)\\Appium\\resources\\app\\node_modules\\express\\lib\\router\\index.js:365:14)\n    at Function.process_params (C:\\Program Files (x86)\\Appium\\resources\\app\\node_modules\\express\\lib\\router\\index.js:410:3)\n    at next (C:\\Program Files (x86)\\Appium\\resources\\app\\node_modules\\express\\lib\\router\\index.js:275:10)\n    at logger (C:\\Program Files (x86)\\Appium\\resources\\app\\node_modules\\morgan\\index.js:144:5)\n    at Layer.handle [as handle_request] (C:\\Program Files (x86)\\Appium\\resources\\app\\node_modules\\express\\lib\\router\\layer.js:95:5)\n    at trim_prefix (C:\\Program Files (x86)\\Appium\\resources\\app\\node_modules\\express\\lib\\router\\index.js:317:13)\n    at C:\\Program Files (x86)\\Appium\\resources\\app\\node_modules\\express\\lib\\router\\index.js:284:7\n    at Function.process_params (C:\\Program Files (x86)\\Appium\\resources\\app\\node_modules\\express\\lib\\router\\index.js:335:12)\n    at next (C:\\Program Files (x86)\\Appium\\resources\\app\\node_modules\\express\\lib\\router\\index.js:275:10)\n    at C:\\Program Files (x86)\\Appium\\resources\\app\\node_modules\\body-parser\\lib\\read.js:130:5\n    at invokeCallback (C:\\Program Files (x86)\\Appium\\resources\\app\\node_modules\\raw-body\\index.js:224:16)\n    at done (C:\\Program Files (x86)\\Appium\\resources\\app\\node_modules\\raw-body\\index.js:213:7)\n    at IncomingMessage.onEnd (C:\\Program Files (x86)\\Appium\\resources\\app\\node_modules\\raw-body\\index.js:273:7)\n    at emitNone (events.js:106:13)\n    at IncomingMessage.emit (events.js:208:7)\n    at endReadableNT (_stream_readable.js:1056:12)\n    at _combinedTickCallback (internal/process/next_tick.js:138:11)\n    at process._tickCallback (internal/process/next_tick.js:180:9)}\nBuild info: version: '3.141.59', revision: 'e82be7d358', time: '2018-11-14T08:17:03'\nSystem info: host: 'DESKTOP-1CKN538', ip: '172.16.22.90', os.name: 'Windows 10', os.arch: 'amd64', os.version: '10.0', java.version: '1.8.0_131'\nDriver info: driver.version: AndroidDriver","trace":"org.openqa.selenium.WebDriverException: org.openqa.selenium.WebDriverException: Returned value cannot be converted to WebElement: {error=invalid session id, message=A session is either terminated or not started, stacktrace=NoSuchDriverError: A session is either terminated or not started\n    at asyncHandler$ (C:\\Program Files (x86)\\Appium\\resources\\app\\node_modules\\appium-base-driver\\lib\\protocol\\protocol.js:212:15)\n    at tryCatch (C:\\Program Files (x86)\\Appium\\resources\\app\\node_modules\\appium-base-driver\\node_modules\\babel-runtime\\regenerator\\runtime.js:67:40)\n    at GeneratorFunctionPrototype.invoke [as _invoke] (C:\\Program Files (x86)\\Appium\\resources\\app\\node_modules\\appium-base-driver\\node_modules\\babel-runtime\\regenerator\\runtime.js:315:22)\n    at GeneratorFunctionPrototype.prototype.(anonymous function) [as next] (C:\\Program Files (x86)\\Appium\\resources\\app\\node_modules\\appium-base-driver\\node_modules\\babel-runtime\\regenerator\\runtime.js:100:21)\n    at invoke (C:\\Program Files (x86)\\Appium\\resources\\app\\node_modules\\appium-base-driver\\node_modules\\babel-runtime\\regenerator\\runtime.js:136:37)\n    at enqueueResult (C:\\Program Files (x86)\\Appium\\resources\\app\\node_modules\\appium-base-driver\\node_modules\\babel-runtime\\regenerator\\runtime.js:185:17)\n    at new Promise (<anonymous>)\n    at new F (C:\\Program Files (x86)\\Appium\\resources\\app\\node_modules\\appium-base-driver\\node_modules\\core-js\\library\\modules\\$.export.js:30:36)\n    at AsyncIterator.enqueue (C:\\Program Files (x86)\\Appium\\resources\\app\\node_modules\\appium-base-driver\\node_modules\\babel-runtime\\regenerator\\runtime.js:184:12)\n    at AsyncIterator.prototype.(anonymous function) [as next] (C:\\Program Files (x86)\\Appium\\resources\\app\\node_modules\\appium-base-driver\\node_modules\\babel-runtime\\regenerator\\runtime.js:100:21)\n    at Object.runtime.async (C:\\Program Files (x86)\\Appium\\resources\\app\\node_modules\\appium-base-driver\\node_modules\\babel-runtime\\regenerator\\runtime.js:209:12)\n    at asyncHandler (C:\\Program Files (x86)\\Appium\\resources\\app\\node_modules\\appium-base-driver\\build\\lib\\protocol\\protocol.js:331:32)\n    at C:\\Program Files (x86)\\Appium\\resources\\app\\node_modules\\appium-base-driver\\lib\\protocol\\protocol.js:394:15\n    at Layer.handle [as handle_request] (C:\\Program Files (x86)\\Appium\\resources\\app\\node_modules\\express\\lib\\router\\layer.js:95:5)\n    at next (C:\\Program Files (x86)\\Appium\\resources\\app\\node_modules\\express\\lib\\router\\route.js:137:13)\n    at Route.dispatch (C:\\Program Files (x86)\\Appium\\resources\\app\\node_modules\\express\\lib\\router\\route.js:112:3)\n    at Layer.handle [as handle_request] (C:\\Program Files (x86)\\Appium\\resources\\app\\node_modules\\express\\lib\\router\\layer.js:95:5)\n    at C:\\Program Files (x86)\\Appium\\resources\\app\\node_modules\\express\\lib\\router\\index.js:281:22\n    at param (C:\\Program Files (x86)\\Appium\\resources\\app\\node_modules\\express\\lib\\router\\index.js:354:14)\n    at param (C:\\Program Files (x86)\\Appium\\resources\\app\\node_modules\\express\\lib\\router\\index.js:365:14)\n    at Function.process_params (C:\\Program Files (x86)\\Appium\\resources\\app\\node_modules\\express\\lib\\router\\index.js:410:3)\n    at next (C:\\Program Files (x86)\\Appium\\resources\\app\\node_modules\\express\\lib\\router\\index.js:275:10)\n    at logger (C:\\Program Files (x86)\\Appium\\resources\\app\\node_modules\\morgan\\index.js:144:5)\n    at Layer.handle [as handle_request] (C:\\Program Files (x86)\\Appium\\resources\\app\\node_modules\\express\\lib\\router\\layer.js:95:5)\n    at trim_prefix (C:\\Program Files (x86)\\Appium\\resources\\app\\node_modules\\express\\lib\\router\\index.js:317:13)\n    at C:\\Program Files (x86)\\Appium\\resources\\app\\node_modules\\express\\lib\\router\\index.js:284:7\n    at Function.process_params (C:\\Program Files (x86)\\Appium\\resources\\app\\node_modules\\express\\lib\\router\\index.js:335:12)\n    at next (C:\\Program Files (x86)\\Appium\\resources\\app\\node_modules\\express\\lib\\router\\index.js:275:10)\n    at C:\\Program Files (x86)\\Appium\\resources\\app\\node_modules\\body-parser\\lib\\read.js:130:5\n    at invokeCallback (C:\\Program Files (x86)\\Appium\\resources\\app\\node_modules\\raw-body\\index.js:224:16)\n    at done (C:\\Program Files (x86)\\Appium\\resources\\app\\node_modules\\raw-body\\index.js:213:7)\n    at IncomingMessage.onEnd (C:\\Program Files (x86)\\Appium\\resources\\app\\node_modules\\raw-body\\index.js:273:7)\n    at emitNone (events.js:106:13)\n    at IncomingMessage.emit (events.js:208:7)\n    at endReadableNT (_stream_readable.js:1056:12)\n    at _combinedTickCallback (internal/process/next_tick.js:138:11)\n    at process._tickCallback (internal/process/next_tick.js:180:9)}\nBuild info: version: '3.141.59', revision: 'e82be7d358', time: '2018-11-14T08:17:03'\nSystem info: host: 'DESKTOP-1CKN538', ip: '172.16.22.90', os.name: 'Windows 10', os.arch: 'amd64', os.version: '10.0', java.version: '1.8.0_131'\nDriver info: driver.version: AndroidDriver\r\n\tat io.appium.java_client.pagefactory.AppiumElementLocator$WaitingFunction.apply(AppiumElementLocator.java:192)\r\n\tat io.appium.java_client.pagefactory.AppiumElementLocator$WaitingFunction.apply(AppiumElementLocator.java:1)\r\n\tat org.openqa.selenium.support.ui.FluentWait.until(FluentWait.java:249)\r\n\tat io.appium.java_client.pagefactory.AppiumElementLocator.waitFor(AppiumElementLocator.java:99)\r\n\tat io.appium.java_client.pagefactory.AppiumElementLocator.findElement(AppiumElementLocator.java:119)\r\n\tat io.appium.java_client.pagefactory.interceptors.InterceptorOfASingleElement.intercept(InterceptorOfASingleElement.java:59)\r\n\tat io.appium.java_client.android.AndroidElement$$EnhancerByCGLIB$$b598166c.isDisplayed(<generated>)\r\n\tat testCases.TestSendMoneyPage.testSendMoneyOkButton(TestSendMoneyPage.java:68)\r\n\tat sun.reflect.NativeMethodAccessorImpl.invoke0(Native Method)\r\n\tat sun.reflect.NativeMethodAccessorImpl.invoke(NativeMethodAccessorImpl.java:62)\r\n\tat sun.reflect.DelegatingMethodAccessorImpl.invoke(DelegatingMethodAccessorImpl.java:43)\r\n\tat java.lang.reflect.Method.invoke(Method.java:498)\r\n\tat org.testng.internal.MethodInvocationHelper.invokeMethod(MethodInvocationHelper.java:100)\r\n\tat org.testng.internal.Invoker.invokeMethod(Invoker.java:646)\r\n\tat org.testng.internal.Invoker.invokeTestMethod(Invoker.java:811)\r\n\tat org.testng.internal.Invoker.invokeTestMethods(Invoker.java:1137)\r\n\tat org.testng.internal.TestMethodWorker.invokeTestMethods(TestMethodWorker.java:129)\r\n\tat org.testng.internal.TestMethodWorker.run(TestMethodWorker.java:112)\r\n\tat org.testng.TestRunner.privateRun(TestRunner.java:753)\r\n\tat org.testng.TestRunner.run(TestRunner.java:607)\r\n\tat org.testng.SuiteRunner.runTest(SuiteRunner.java:368)\r\n\tat org.testng.SuiteRunner.runSequentially(SuiteRunner.java:363)\r\n\tat org.testng.SuiteRunner.privateRun(SuiteRunner.java:321)\r\n\tat org.testng.SuiteRunner.run(SuiteRunner.java:270)\r\n\tat org.testng.SuiteRunnerWorker.runSuite(SuiteRunnerWorker.java:52)\r\n\tat org.testng.SuiteRunnerWorker.run(SuiteRunnerWorker.java:86)\r\n\tat org.testng.TestNG.runSuitesSequentially(TestNG.java:1284)\r\n\tat org.testng.TestNG.runSuitesLocally(TestNG.java:1209)\r\n\tat org.testng.TestNG.runSuites(TestNG.java:1124)\r\n\tat org.testng.TestNG.run(TestNG.java:1096)\r\n\tat org.testng.IDEARemoteTestNG.run(IDEARemoteTestNG.java:73)\r\n\tat org.testng.RemoteTestNGStarter.main(RemoteTestNGStarter.java:123)\r\nCaused by: org.openqa.selenium.WebDriverException: Returned value cannot be converted to WebElement: {error=invalid session id, message=A session is either terminated or not started, stacktrace=NoSuchDriverError: A session is either terminated or not started\n    at asyncHandler$ (C:\\Program Files (x86)\\Appium\\resources\\app\\node_modules\\appium-base-driver\\lib\\protocol\\protocol.js:212:15)\n    at tryCatch (C:\\Program Files (x86)\\Appium\\resources\\app\\node_modules\\appium-base-driver\\node_modules\\babel-runtime\\regenerator\\runtime.js:67:40)\n    at GeneratorFunctionPrototype.invoke [as _invoke] (C:\\Program Files (x86)\\Appium\\resources\\app\\node_modules\\appium-base-driver\\node_modules\\babel-runtime\\regenerator\\runtime.js:315:22)\n    at GeneratorFunctionPrototype.prototype.(anonymous function) [as next] (C:\\Program Files (x86)\\Appium\\resources\\app\\node_modules\\appium-base-driver\\node_modules\\babel-runtime\\regenerator\\runtime.js:100:21)\n    at invoke (C:\\Program Files (x86)\\Appium\\resources\\app\\node_modules\\appium-base-driver\\node_modules\\babel-runtime\\regenerator\\runtime.js:136:37)\n    at enqueueResult (C:\\Program Files (x86)\\Appium\\resources\\app\\node_modules\\appium-base-driver\\node_modules\\babel-runtime\\regenerator\\runtime.js:185:17)\n    at new Promise (<anonymous>)\n    at new F (C:\\Program Files (x86)\\Appium\\resources\\app\\node_modules\\appium-base-driver\\node_modules\\core-js\\library\\modules\\$.export.js:30:36)\n    at AsyncIterator.enqueue (C:\\Program Files (x86)\\Appium\\resources\\app\\node_modules\\appium-base-driver\\node_modules\\babel-runtime\\regenerator\\runtime.js:184:12)\n    at AsyncIterator.prototype.(anonymous function) [as next] (C:\\Program Files (x86)\\Appium\\resources\\app\\node_modules\\appium-base-driver\\node_modules\\babel-runtime\\regenerator\\runtime.js:100:21)\n    at Object.runtime.async (C:\\Program Files (x86)\\Appium\\resources\\app\\node_modules\\appium-base-driver\\node_modules\\babel-runtime\\regenerator\\runtime.js:209:12)\n    at asyncHandler (C:\\Program Files (x86)\\Appium\\resources\\app\\node_modules\\appium-base-driver\\build\\lib\\protocol\\protocol.js:331:32)\n    at C:\\Program Files (x86)\\Appium\\resources\\app\\node_modules\\appium-base-driver\\lib\\protocol\\protocol.js:394:15\n    at Layer.handle [as handle_request] (C:\\Program Files (x86)\\Appium\\resources\\app\\node_modules\\express\\lib\\router\\layer.js:95:5)\n    at next (C:\\Program Files (x86)\\Appium\\resources\\app\\node_modules\\express\\lib\\router\\route.js:137:13)\n    at Route.dispatch (C:\\Program Files (x86)\\Appium\\resources\\app\\node_modules\\express\\lib\\router\\route.js:112:3)\n    at Layer.handle [as handle_request] (C:\\Program Files (x86)\\Appium\\resources\\app\\node_modules\\express\\lib\\router\\layer.js:95:5)\n    at C:\\Program Files (x86)\\Appium\\resources\\app\\node_modules\\express\\lib\\router\\index.js:281:22\n    at param (C:\\Program Files (x86)\\Appium\\resources\\app\\node_modules\\express\\lib\\router\\index.js:354:14)\n    at param (C:\\Program Files (x86)\\Appium\\resources\\app\\node_modules\\express\\lib\\router\\index.js:365:14)\n    at Function.process_params (C:\\Program Files (x86)\\Appium\\resources\\app\\node_modules\\express\\lib\\router\\index.js:410:3)\n    at next (C:\\Program Files (x86)\\Appium\\resources\\app\\node_modules\\express\\lib\\router\\index.js:275:10)\n    at logger (C:\\Program Files (x86)\\Appium\\resources\\app\\node_modules\\morgan\\index.js:144:5)\n    at Layer.handle [as handle_request] (C:\\Program Files (x86)\\Appium\\resources\\app\\node_modules\\express\\lib\\router\\layer.js:95:5)\n    at trim_prefix (C:\\Program Files (x86)\\Appium\\resources\\app\\node_modules\\express\\lib\\router\\index.js:317:13)\n    at C:\\Program Files (x86)\\Appium\\resources\\app\\node_modules\\express\\lib\\router\\index.js:284:7\n    at Function.process_params (C:\\Program Files (x86)\\Appium\\resources\\app\\node_modules\\express\\lib\\router\\index.js:335:12)\n    at next (C:\\Program Files (x86)\\Appium\\resources\\app\\node_modules\\express\\lib\\router\\index.js:275:10)\n    at C:\\Program Files (x86)\\Appium\\resources\\app\\node_modules\\body-parser\\lib\\read.js:130:5\n    at invokeCallback (C:\\Program Files (x86)\\Appium\\resources\\app\\node_modules\\raw-body\\index.js:224:16)\n    at done (C:\\Program Files (x86)\\Appium\\resources\\app\\node_modules\\raw-body\\index.js:213:7)\n    at IncomingMessage.onEnd (C:\\Program Files (x86)\\Appium\\resources\\app\\node_modules\\raw-body\\index.js:273:7)\n    at emitNone (events.js:106:13)\n    at IncomingMessage.emit (events.js:208:7)\n    at endReadableNT (_stream_readable.js:1056:12)\n    at _combinedTickCallback (internal/process/next_tick.js:138:11)\n    at process._tickCallback (internal/process/next_tick.js:180:9)}\nBuild info: version: '3.141.59', revision: 'e82be7d358', time: '2018-11-14T08:17:03'\nSystem info: host: 'DESKTOP-1CKN538', ip: '172.16.22.90', os.name: 'Windows 10', os.arch: 'amd64', os.version: '10.0', java.version: '1.8.0_131'\nDriver info: driver.version: AndroidDriver\r\n\tat org.openqa.selenium.remote.RemoteWebDriver.findElement(RemoteWebDriver.java:333)\r\n\tat io.appium.java_client.DefaultGenericMobileDriver.findElement(DefaultGenericMobileDriver.java:62)\r\n\tat io.appium.java_client.AppiumDriver.findElement(AppiumDriver.java:1)\r\n\tat io.appium.java_client.android.AndroidDriver.findElement(AndroidDriver.java:1)\r\n\tat org.openqa.selenium.remote.RemoteWebDriver.findElementByXPath(RemoteWebDriver.java:428)\r\n\tat io.appium.java_client.DefaultGenericMobileDriver.findElementByXPath(DefaultGenericMobileDriver.java:152)\r\n\tat io.appium.java_client.AppiumDriver.findElementByXPath(AppiumDriver.java:1)\r\n\tat io.appium.java_client.android.AndroidDriver.findElementByXPath(AndroidDriver.java:1)\r\n\tat org.openqa.selenium.By$ByXPath.findElement(By.java:353)\r\n\tat org.openqa.selenium.remote.RemoteWebDriver.findElement(RemoteWebDriver.java:315)\r\n\tat io.appium.java_client.DefaultGenericMobileDriver.findElement(DefaultGenericMobileDriver.java:58)\r\n\tat io.appium.java_client.AppiumDriver.findElement(AppiumDriver.java:1)\r\n\tat io.appium.java_client.android.AndroidDriver.findElement(AndroidDriver.java:1)\r\n\tat io.appium.java_client.pagefactory.bys.ContentMappedBy.findElement(ContentMappedBy.java:50)\r\n\tat org.openqa.selenium.remote.RemoteWebDriver.findElement(RemoteWebDriver.java:315)\r\n\tat io.appium.java_client.DefaultGenericMobileDriver.findElement(DefaultGenericMobileDriver.java:58)\r\n\tat io.appium.java_client.AppiumDriver.findElement(AppiumDriver.java:1)\r\n\tat io.appium.java_client.android.AndroidDriver.findElement(AndroidDriver.java:1)\r\n\tat io.appium.java_client.pagefactory.AppiumElementLocator.lambda$0(AppiumElementLocator.java:120)\r\n\tat io.appium.java_client.pagefactory.AppiumElementLocator$WaitingFunction.apply(AppiumElementLocator.java:172)\r\n\t... 31 more\r\nCaused by: java.lang.ClassCastException: com.google.common.collect.Maps$TransformedEntriesMap cannot be cast to org.openqa.selenium.WebElement\r\n\tat org.openqa.selenium.remote.RemoteWebDriver.findElement(RemoteWebDriver.java:331)\r\n\t... 50 more\r\n"},"stage":"finished","start":1565003674358,"stop":1565003674380,"parameters":[]}